<?xml version="1.0" encoding="UTF-8"?>
<testng-results skipped="0" failed="0" ignored="25" total="37" passed="12">
  <reporter-output>
  </reporter-output>
  <suite name="Regression Suite" duration-ms="40032" started-at="2019-05-03T13:24:14Z" finished-at="2019-05-03T13:24:54Z">
    <groups>
    </groups>
    <test name="Test" duration-ms="40032" started-at="2019-05-03T13:24:14Z" finished-at="2019-05-03T13:24:54Z">
      <class name="gpmsUI.gpmsAutomation.basicDetails">
        <test-method status="PASS" signature="homePage()[pri:0, instance:gpmsUI.gpmsAutomation.basicDetails@5622fdf]" name="homePage" duration-ms="5347" started-at="2019-05-03T13:24:14Z" finished-at="2019-05-03T13:24:19Z">
          <reporter-output>
          </reporter-output>
        </test-method> <!-- homePage -->
        <test-method status="PASS" signature="loginTST3()[pri:0, instance:gpmsUI.gpmsAutomation.basicDetails@5622fdf]" name="loginTST3" duration-ms="2122" started-at="2019-05-03T13:24:19Z" finished-at="2019-05-03T13:24:21Z">
          <reporter-output>
          </reporter-output>
        </test-method> <!-- loginTST3 -->
      </class> <!-- gpmsUI.gpmsAutomation.basicDetails -->
      <class name="gpmsUI.gpmsAutomation.addingPayDedsEntitlementsRandom">
        <test-method status="PASS" signature="homePage()[pri:0, instance:gpmsUI.gpmsAutomation.addingPayDedsEntitlementsRandom@7d9d1a19]" name="homePage" duration-ms="4478" started-at="2019-05-03T13:24:28Z" finished-at="2019-05-03T13:24:32Z">
          <reporter-output>
          </reporter-output>
        </test-method> <!-- homePage -->
        <test-method status="PASS" signature="loginTST3()[pri:0, instance:gpmsUI.gpmsAutomation.addingPayDedsEntitlementsRandom@7d9d1a19]" name="loginTST3" duration-ms="2030" started-at="2019-05-03T13:24:32Z" finished-at="2019-05-03T13:24:34Z">
          <reporter-output>
          </reporter-output>
        </test-method> <!-- loginTST3 -->
      </class> <!-- gpmsUI.gpmsAutomation.addingPayDedsEntitlementsRandom -->
      <class name="gpmsUI.gpmsAutomation.addingNewDetails">
        <test-method status="PASS" signature="homePage()[pri:0, instance:gpmsUI.gpmsAutomation.addingNewDetails@4883b407]" name="homePage" duration-ms="4491" started-at="2019-05-03T13:24:21Z" finished-at="2019-05-03T13:24:26Z">
          <reporter-output>
          </reporter-output>
        </test-method> <!-- homePage -->
        <test-method status="PASS" signature="loginTST3()[pri:0, instance:gpmsUI.gpmsAutomation.addingNewDetails@4883b407]" name="loginTST3" duration-ms="2054" started-at="2019-05-03T13:24:26Z" finished-at="2019-05-03T13:24:28Z">
          <reporter-output>
          </reporter-output>
        </test-method> <!-- loginTST3 -->
      </class> <!-- gpmsUI.gpmsAutomation.addingNewDetails -->
      <class name="gpmsUI.gpmsAutomation.downloadReports">
        <test-method status="PASS" signature="homePage()[pri:0, instance:gpmsUI.gpmsAutomation.downloadReports@42e26948]" name="homePage" duration-ms="4488" started-at="2019-05-03T13:24:47Z" finished-at="2019-05-03T13:24:52Z">
          <reporter-output>
          </reporter-output>
        </test-method> <!-- homePage -->
        <test-method status="PASS" signature="loginTST3()[pri:0, instance:gpmsUI.gpmsAutomation.downloadReports@42e26948]" name="loginTST3" duration-ms="2022" started-at="2019-05-03T13:24:52Z" finished-at="2019-05-03T13:24:54Z">
          <reporter-output>
          </reporter-output>
        </test-method> <!-- loginTST3 -->
      </class> <!-- gpmsUI.gpmsAutomation.downloadReports -->
      <class name="gpmsUI.gpmsAutomation.functionValidations">
        <test-method status="PASS" signature="homePage()[pri:0, instance:gpmsUI.gpmsAutomation.functionValidations@39c0f4a]" name="homePage" duration-ms="4508" started-at="2019-05-03T13:24:34Z" finished-at="2019-05-03T13:24:39Z">
          <reporter-output>
          </reporter-output>
        </test-method> <!-- homePage -->
        <test-method status="PASS" signature="loginTST3()[pri:0, instance:gpmsUI.gpmsAutomation.functionValidations@39c0f4a]" name="loginTST3" duration-ms="2050" started-at="2019-05-03T13:24:39Z" finished-at="2019-05-03T13:24:41Z">
          <reporter-output>
          </reporter-output>
        </test-method> <!-- loginTST3 -->
      </class> <!-- gpmsUI.gpmsAutomation.functionValidations -->
      <class name="gpmsUI.gpmsAutomation.addingPayDedsEntitlementsUserDefined">
        <test-method status="PASS" signature="homePage()[pri:0, instance:gpmsUI.gpmsAutomation.addingPayDedsEntitlementsUserDefined@1794d431]" name="homePage" duration-ms="4358" started-at="2019-05-03T13:24:41Z" finished-at="2019-05-03T13:24:45Z">
          <reporter-output>
          </reporter-output>
        </test-method> <!-- homePage -->
        <test-method status="PASS" signature="loginTST3()[pri:0, instance:gpmsUI.gpmsAutomation.addingPayDedsEntitlementsUserDefined@1794d431]" name="loginTST3" duration-ms="2039" started-at="2019-05-03T13:24:45Z" finished-at="2019-05-03T13:24:47Z">
          <reporter-output>
          </reporter-output>
        </test-method> <!-- loginTST3 -->
      </class> <!-- gpmsUI.gpmsAutomation.addingPayDedsEntitlementsUserDefined -->
    </test> <!-- Test -->
  </suite> <!-- Regression Suite -->
</testng-results>
