<?xml version="1.0" encoding="UTF-8"?>
<!-- Generated by org.testng.reporters.JUnitXMLReporter -->
<testsuite hostname="DTWD24" ignored="25" name="Test" tests="18" failures="2" timestamp="09 May 2019 10:38:36 GMT" time="59.325" errors="0">
  <testcase name="homePage" time="5.74" classname="gpmsUI.gpmsAutomation.basicDetails"/>
  <testcase name="loginTST3" time="1.06" classname="gpmsUI.gpmsAutomation.basicDetails"/>
  <testcase name="homePage" time="4.711" classname="gpmsUI.gpmsAutomation.basicDetails"/>
  <testcase name="loginTST3" time="2.182" classname="gpmsUI.gpmsAutomation.basicDetails"/>
  <testcase name="homePage" time="4.577" classname="gpmsUI.gpmsAutomation.basicDetails"/>
  <testcase name="loginTST3" time="1.969" classname="gpmsUI.gpmsAutomation.basicDetails"/>
  <testcase name="homePage" time="4.441" classname="gpmsUI.gpmsAutomation.basicDetails"/>
  <testcase name="loginTST3" time="0.971" classname="gpmsUI.gpmsAutomation.basicDetails"/>
  <testcase name="homePage" time="4.639" classname="gpmsUI.gpmsAutomation.basicDetails"/>
  <testcase name="loginTST3" time="0.993" classname="gpmsUI.gpmsAutomation.basicDetails"/>
  <testcase name="addEmployee" time="4.373" classname="gpmsUI.gpmsAutomation.addingNewDetails"/>
  <testcase name="addPayroll" time="1.82" classname="gpmsUI.gpmsAutomation.addingNewDetails">
    <failure type="java.lang.AssertionError" message="Failed: Adding new payroll, as Payroll Name&amp;apos;Test Payroll Apr10&amp;apos; already exists">
      <![CDATA[java.lang.AssertionError: Failed: Adding new payroll, as Payroll Name'Test Payroll Apr10' already exists
at gpmsUI.gpmsAutomation.addingNewDetails.addPayroll(addingNewDetails.java:167)
... Removed 26 stack frames]]>
    </failure>
  </testcase> <!-- addPayroll -->
  <testcase name="createPayrollAssignment" time="7.07" classname="gpmsUI.gpmsAutomation.addingNewDetails"/>
  <testcase name="editPayrollPeriods" time="3.584" classname="gpmsUI.gpmsAutomation.addingNewDetails">
    <failure type="java.lang.AssertionError" message="Failed: Payroll periods of given Payroll Year already exits">
      <![CDATA[java.lang.AssertionError: Failed: Payroll periods of given Payroll Year already exits
at pageObjectsGPMS.payrollPageObjects.editPeriods(payrollPageObjects.java:292)
at gpmsUI.gpmsAutomation.addingNewDetails.editPayrollPeriods(addingNewDetails.java:235)
... Removed 26 stack frames]]>
    </failure>
  </testcase> <!-- editPayrollPeriods -->
  <testcase name="homePage" time="4.551" classname="gpmsUI.gpmsAutomation.basicDetails"/>
  <testcase name="loginTST3" time="1.089" classname="gpmsUI.gpmsAutomation.basicDetails"/>
  <testcase name="homePage" time="4.46" classname="gpmsUI.gpmsAutomation.basicDetails"/>
  <testcase name="loginTST3" time="1.031" classname="gpmsUI.gpmsAutomation.basicDetails"/>
  <testcase name="addUnitPayRandom" time="0.0" classname="gpmsUI.gpmsAutomation.addingPayDedsEntitlementsRandom">
    <ignored/>
  </testcase> <!-- addUnitPayRandom -->
  <testcase name="downloadEmployeeDataUploadTemplate" time="0.0" classname="gpmsUI.gpmsAutomation.downloadReports">
    <ignored/>
  </testcase> <!-- downloadEmployeeDataUploadTemplate -->
  <testcase name="addEntitlementsTempRandom" time="0.0" classname="gpmsUI.gpmsAutomation.addingPayDedsEntitlementsRandom">
    <ignored/>
  </testcase> <!-- addEntitlementsTempRandom -->
  <testcase name="addPayDeds" time="0.0" classname="gpmsUI.gpmsAutomation.addingPayDedsEntitlementsUserDefined">
    <ignored/>
  </testcase> <!-- addPayDeds -->
  <testcase name="lockPeriodPayrollLevel" time="0.0" classname="gpmsUI.gpmsAutomation.functionValidations">
    <ignored/>
  </testcase> <!-- lockPeriodPayrollLevel -->
  <testcase name="addNotionalAmountsTempRandom" time="0.0" classname="gpmsUI.gpmsAutomation.addingPayDedsEntitlementsRandom">
    <ignored/>
  </testcase> <!-- addNotionalAmountsTempRandom -->
  <testcase name="addEPARequired" time="0.0" classname="gpmsUI.gpmsAutomation.addingEPADetails">
    <ignored/>
  </testcase> <!-- addEPARequired -->
  <testcase name="addEPARandom" time="0.0" classname="gpmsUI.gpmsAutomation.addingEPADetails">
    <ignored/>
  </testcase> <!-- addEPARandom -->
  <testcase name="addEntitlementsPermRandom" time="0.0" classname="gpmsUI.gpmsAutomation.addingPayDedsEntitlementsRandom">
    <ignored/>
  </testcase> <!-- addEntitlementsPermRandom -->
  <testcase name="addNewOrgUnit" time="0.0" classname="gpmsUI.gpmsAutomation.addingNewDetails">
    <ignored/>
  </testcase> <!-- addNewOrgUnit -->
  <testcase name="unconfirmEmployeeLevel" time="0.0" classname="gpmsUI.gpmsAutomation.functionValidations">
    <ignored/>
  </testcase> <!-- unconfirmEmployeeLevel -->
  <testcase name="addEntitlementsUnitPayRandom" time="0.0" classname="gpmsUI.gpmsAutomation.addingPayDedsEntitlementsRandom">
    <ignored/>
  </testcase> <!-- addEntitlementsUnitPayRandom -->
  <testcase name="resetPeriodPayrollLevel" time="0.0" classname="gpmsUI.gpmsAutomation.functionValidations">
    <ignored/>
  </testcase> <!-- resetPeriodPayrollLevel -->
  <testcase name="addNotionalAmountsPermRandom" time="0.0" classname="gpmsUI.gpmsAutomation.addingPayDedsEntitlementsRandom">
    <ignored/>
  </testcase> <!-- addNotionalAmountsPermRandom -->
  <testcase name="processPeriodPayrollLevel" time="0.0" classname="gpmsUI.gpmsAutomation.functionValidations">
    <ignored/>
  </testcase> <!-- processPeriodPayrollLevel -->
  <testcase name="confirmPeriodPayrollLevel" time="0.0" classname="gpmsUI.gpmsAutomation.functionValidations">
    <ignored/>
  </testcase> <!-- confirmPeriodPayrollLevel -->
  <testcase name="resetEmployeeLevel" time="0.0" classname="gpmsUI.gpmsAutomation.functionValidations">
    <ignored/>
  </testcase> <!-- resetEmployeeLevel -->
  <testcase name="addNewElementType" time="0.0" classname="gpmsUI.gpmsAutomation.addingNewDetails">
    <ignored/>
  </testcase> <!-- addNewElementType -->
  <testcase name="lockEmployeeLevel" time="0.0" classname="gpmsUI.gpmsAutomation.functionValidations">
    <ignored/>
  </testcase> <!-- lockEmployeeLevel -->
  <testcase name="addDeductionsRandom" time="0.0" classname="gpmsUI.gpmsAutomation.addingPayDedsEntitlementsRandom">
    <ignored/>
  </testcase> <!-- addDeductionsRandom -->
  <testcase name="allPeriodProcessingsFromPayrollLevel" time="0.0" classname="gpmsUI.gpmsAutomation.functionValidations">
    <ignored/>
  </testcase> <!-- allPeriodProcessingsFromPayrollLevel -->
  <testcase name="unconfirmPeriodPayrollLevel" time="0.0" classname="gpmsUI.gpmsAutomation.functionValidations">
    <ignored/>
  </testcase> <!-- unconfirmPeriodPayrollLevel -->
  <testcase name="addNewCompany" time="0.0" classname="gpmsUI.gpmsAutomation.addingNewDetails">
    <ignored/>
  </testcase> <!-- addNewCompany -->
  <testcase name="addPaymentsRandom" time="0.0" classname="gpmsUI.gpmsAutomation.addingPayDedsEntitlementsRandom">
    <ignored/>
  </testcase> <!-- addPaymentsRandom -->
  <testcase name="viewEmployeeFromPayrollLevel" time="0.0" classname="gpmsUI.gpmsAutomation.functionValidations">
    <ignored/>
  </testcase> <!-- viewEmployeeFromPayrollLevel -->
</testsuite> <!-- Test -->
