<?xml version="1.0" encoding="UTF-8"?>
<!-- Generated by org.testng.reporters.JUnitXMLReporter -->
<testsuite hostname="DTWD24" ignored="1" name="gpmsAutomation.gpmsMain" tests="2" failures="0" timestamp="05 Apr 2019 07:54:35 GMT" time="8.743" errors="0">
  <testcase name="loginPage" time="7.521" classname="gpmsAutomation.gpmsMain.main"/>
  <testcase name="loginTST3" time="1.187" classname="gpmsAutomation.gpmsMain.main"/>
  <testcase name="addPayroll" time="0.0" classname="gpmsAutomation.gpmsMain.main">
    <ignored/>
  </testcase> <!-- addPayroll -->
</testsuite> <!-- gpmsAutomation.gpmsMain -->
