<?xml version="1.0" encoding="UTF-8"?>
<!-- Generated by org.testng.reporters.JUnitXMLReporter -->
<testsuite hostname="DTWD24" ignored="1" name="login" tests="2" failures="0" timestamp="05 Apr 2019 07:55:11 GMT" time="5.87" errors="0">
  <testcase name="loginPage" time="4.855" classname="gpmsAutomation.gpmsMain.main"/>
  <testcase name="loginTST3" time="0.983" classname="gpmsAutomation.gpmsMain.main"/>
  <testcase name="addPayroll" time="0.0" classname="gpmsAutomation.gpmsMain.main">
    <ignored/>
  </testcase> <!-- addPayroll -->
</testsuite> <!-- login -->
