<?xml version="1.0" encoding="UTF-8"?>
<!-- Generated by org.testng.reporters.JUnitXMLReporter -->
<testsuite hostname="DTWD24" ignored="0" name="Default test" tests="3" failures="0" timestamp="13 May 2019 12:17:06 GMT" time="58.46" errors="0">
  <testcase name="homePage" time="6.337" classname="gpmsUI.gpmsAutomation.basicDetails"/>
  <testcase name="loginTST3" time="2.196" classname="gpmsUI.gpmsAutomation.basicDetails"/>
  <testcase name="downloadEmployeeDataUploadTemplate" time="49.896" classname="gpmsUI.gpmsAutomation.downloadReports"/>
</testsuite> <!-- Default test -->
