<?xml version="1.0" encoding="UTF-8"?>
<!-- Generated by org.testng.reporters.JUnitXMLReporter -->
<testsuite hostname="DTWD24" ignored="0" name="Default test" tests="3" failures="0" timestamp="07 May 2019 08:56:06 GMT" time="58.754" errors="0">
  <testcase name="homePage" time="5.383" classname="gpmsUI.gpmsAutomation.basicDetails"/>
  <testcase name="loginTST3" time="2.232" classname="gpmsUI.gpmsAutomation.basicDetails"/>
  <testcase name="downloadEmployeeDataUploadTemplate" time="51.112" classname="gpmsUI.gpmsAutomation.downloadReports"/>
</testsuite> <!-- Default test -->
