<?xml version="1.0" encoding="UTF-8"?>
<!-- Generated by org.testng.reporters.JUnitXMLReporter -->
<testsuite hostname="DTWD24" ignored="2" name="GPMS Login" tests="1" failures="1" timestamp="05 Apr 2019 08:44:48 GMT" time="0.0" errors="0">
  <testcase name="loginTST3" time="0.0" classname="gpmsAutomation.gpmsMain.main">
    <failure type="java.lang.NullPointerException">
      <![CDATA[java.lang.NullPointerException
at gpmsAutomation.gpmsMain.main.loginTST3(main.java:45)
... Removed 25 stack frames]]>
    </failure>
  </testcase> <!-- loginTST3 -->
  <testcase name="homePage" time="0.0" classname="gpmsAutomation.gpmsMain.main">
    <ignored/>
  </testcase> <!-- homePage -->
  <testcase name="addPayroll" time="0.0" classname="gpmsAutomation.gpmsMain.main">
    <ignored/>
  </testcase> <!-- addPayroll -->
</testsuite> <!-- GPMS Login -->
