<?xml version="1.0" encoding="UTF-8"?>
<!-- Generated by org.testng.reporters.JUnitXMLReporter -->
<testsuite hostname="DTWD24" ignored="5" name="GPMS Version" tests="2" failures="0" timestamp="15 Apr 2019 11:42:34 GMT" time="6.687" errors="0">
  <testcase name="homePage" time="5.238" classname="gpmsAutomation.gpmsMain.main"/>
  <testcase name="loginTST3" time="1.399" classname="gpmsAutomation.gpmsMain.main"/>
  <testcase name="addEPAforEmployee" time="0.0" classname="gpmsAutomation.gpmsMain.main">
    <ignored/>
  </testcase> <!-- addEPAforEmployee -->
  <testcase name="addEmployee" time="0.0" classname="gpmsAutomation.gpmsMain.main">
    <ignored/>
  </testcase> <!-- addEmployee -->
  <testcase name="addPayroll" time="0.0" classname="gpmsAutomation.gpmsMain.main">
    <ignored/>
  </testcase> <!-- addPayroll -->
  <testcase name="createPayrollAssignment" time="0.0" classname="gpmsAutomation.gpmsMain.main">
    <ignored/>
  </testcase> <!-- createPayrollAssignment -->
  <testcase name="editPayrollPeriods" time="0.0" classname="gpmsAutomation.gpmsMain.main">
    <ignored/>
  </testcase> <!-- editPayrollPeriods -->
</testsuite> <!-- GPMS Version -->
