<?xml version="1.0" encoding="UTF-8"?>
<!-- Generated by org.testng.reporters.JUnitXMLReporter -->
<testsuite hostname="DTWD24" ignored="7" name="GPMS Version" tests="4" failures="3" timestamp="17 Apr 2019 12:20:25 GMT" time="12.886" errors="0">
  <testcase name="homePage" time="5.047" classname="gpmsAutomation.gpmsMain.basicDetails">
    <failure type="java.lang.AssertionError" message="Failed: Test was run on v020200-tc3_#19 / 04.08.10 |Expected version and TC are 04.08.10 and tc2_#16">
      <![CDATA[java.lang.AssertionError: Failed: Test was run on v020200-tc3_#19 / 04.08.10 |Expected version and TC are 04.08.10 and tc2_#16
at gpmsAutomation.gpmsMain.basicDetails.homePage(basicDetails.java:52)
... Removed 26 stack frames]]>
    </failure>
  </testcase> <!-- homePage -->
  <testcase name="loginTST3" time="1.215" classname="gpmsAutomation.gpmsMain.basicDetails"/>
  <testcase name="addPayroll" time="4.831" classname="gpmsAutomation.gpmsMain.addingNewDetails">
    <failure type="java.lang.AssertionError" message="Failed: Adding &amp;apos;Test Payroll Apr10&amp;apos; Payroll">
      <![CDATA[java.lang.AssertionError: Failed: Adding 'Test Payroll Apr10' Payroll
at gpmsAutomation.gpmsMain.addingNewDetails.addPayroll(addingNewDetails.java:140)
... Removed 26 stack frames]]>
    </failure>
  </testcase> <!-- addPayroll -->
  <testcase name="editPayrollPeriods" time="1.756" classname="gpmsAutomation.gpmsMain.addingNewDetails">
    <failure type="java.lang.AssertionError" message="Failed: Can not Edit Payoll Periods, as  Payoll Name &amp;apos;Test Payroll Apr10&amp;apos; do not exists">
      <![CDATA[java.lang.AssertionError: Failed: Can not Edit Payoll Periods, as  Payoll Name 'Test Payroll Apr10' do not exists
at gpmsAutomation.gpmsMain.addingNewDetails.editPayrollPeriods(addingNewDetails.java:157)
... Removed 26 stack frames]]>
    </failure>
  </testcase> <!-- editPayrollPeriods -->
  <testcase name="homePage" time="0.0" classname="gpmsAutomation.gpmsMain.basicDetails">
    <ignored/>
  </testcase> <!-- homePage -->
  <testcase name="createPayrollAssignment" time="0.0" classname="gpmsAutomation.gpmsMain.addingNewDetails">
    <ignored/>
  </testcase> <!-- createPayrollAssignment -->
  <testcase name="addEmployee" time="0.0" classname="gpmsAutomation.gpmsMain.addingNewDetails">
    <ignored/>
  </testcase> <!-- addEmployee -->
  <testcase name="addNewElementType" time="0.0" classname="gpmsAutomation.gpmsMain.addingNewDetails">
    <ignored/>
  </testcase> <!-- addNewElementType -->
  <testcase name="addNewOrgUnit" time="0.0" classname="gpmsAutomation.gpmsMain.addingNewDetails">
    <ignored/>
  </testcase> <!-- addNewOrgUnit -->
  <testcase name="addNewCompany" time="0.0" classname="gpmsAutomation.gpmsMain.addingNewDetails">
    <ignored/>
  </testcase> <!-- addNewCompany -->
  <testcase name="loginTST3" time="0.0" classname="gpmsAutomation.gpmsMain.basicDetails">
    <ignored/>
  </testcase> <!-- loginTST3 -->
</testsuite> <!-- GPMS Version -->
