<?xml version="1.0" encoding="UTF-8"?>
<!-- Generated by org.testng.reporters.JUnitXMLReporter -->
<testsuite hostname="DTWD24" ignored="36" name="Test" tests="19" failures="19" timestamp="22 May 2019 10:42:15 GMT" time="0.161" errors="0">
  <testcase name="addEmployee" time="0.032" classname="gpmsUI.gpmsAutomation.addingNewDetails">
    <failure type="java.lang.NullPointerException">
      <![CDATA[java.lang.NullPointerException
at java.util.Objects.requireNonNull(Unknown Source)
at org.openqa.selenium.interactions.Actions.<init>(Actions.java:65)
at pageObjectsGPMS.menuBarLinks.goToForEmployee(menuBarLinks.java:18)
at gpmsUI.gpmsAutomation.addingNewDetails.addEmployee(addingNewDetails.java:31)
... Removed 25 stack frames]]>
    </failure>
  </testcase> <!-- addEmployee -->
  <testcase name="addPayroll" time="0.001" classname="gpmsUI.gpmsAutomation.addingNewDetails">
    <failure type="java.lang.NullPointerException">
      <![CDATA[java.lang.NullPointerException
at java.util.Objects.requireNonNull(Unknown Source)
at org.openqa.selenium.interactions.Actions.<init>(Actions.java:65)
at pageObjectsGPMS.menuBarLinks.goToForPayroll(menuBarLinks.java:29)
at gpmsUI.gpmsAutomation.addingNewDetails.addPayroll(addingNewDetails.java:158)
... Removed 25 stack frames]]>
    </failure>
  </testcase> <!-- addPayroll -->
  <testcase name="editPayrollPeriods" time="0.002" classname="gpmsUI.gpmsAutomation.addingNewDetails">
    <failure type="java.lang.NullPointerException">
      <![CDATA[java.lang.NullPointerException
at java.util.Objects.requireNonNull(Unknown Source)
at org.openqa.selenium.interactions.Actions.<init>(Actions.java:65)
at pageObjectsGPMS.menuBarLinks.goToForPayroll(menuBarLinks.java:29)
at pageObjectsGPMS.payrollSearchPageObjects.isPayrollExists(payrollSearchPageObjects.java:31)
at gpmsUI.gpmsAutomation.addingNewDetails.editPayrollPeriods(addingNewDetails.java:223)
... Removed 25 stack frames]]>
    </failure>
  </testcase> <!-- editPayrollPeriods -->
  <testcase name="createPayrollAssignment" time="0.002" classname="gpmsUI.gpmsAutomation.addingNewDetails">
    <failure type="java.lang.NullPointerException">
      <![CDATA[java.lang.NullPointerException
at java.util.Objects.requireNonNull(Unknown Source)
at org.openqa.selenium.interactions.Actions.<init>(Actions.java:65)
at pageObjectsGPMS.menuBarLinks.goToForEmployee(menuBarLinks.java:18)
at pageObjectsGPMS.employeeSearchPageObjects.isEmployeeExists(employeeSearchPageObjects.java:32)
at gpmsUI.gpmsAutomation.addingNewDetails.createPayrollAssignment(addingNewDetails.java:241)
... Removed 25 stack frames]]>
    </failure>
  </testcase> <!-- createPayrollAssignment -->
  <testcase name="lockProcessConfirmPeriodsFromPayrollLevel" time="0.001" classname="gpmsUI.gpmsAutomation.functionValidations">
    <failure type="java.lang.NullPointerException">
      <![CDATA[java.lang.NullPointerException
at java.util.Objects.requireNonNull(Unknown Source)
at org.openqa.selenium.interactions.Actions.<init>(Actions.java:65)
at pageObjectsGPMS.menuBarLinks.goToForPayroll(menuBarLinks.java:29)
at pageObjectsGPMS.payrollSearchPageObjects.isPayrollExists(payrollSearchPageObjects.java:31)
at gpmsUI.gpmsAutomation.functionValidations.lockProcessConfirmPeriodsFromPayrollLevel(functionValidations.java:39)
... Removed 25 stack frames]]>
    </failure>
  </testcase> <!-- lockProcessConfirmPeriodsFromPayrollLevel -->
  <testcase name="unconfirmEmployeeLevel" time="0.001" classname="gpmsUI.gpmsAutomation.functionValidations">
    <failure type="java.lang.NullPointerException">
      <![CDATA[java.lang.NullPointerException
at java.util.Objects.requireNonNull(Unknown Source)
at org.openqa.selenium.interactions.Actions.<init>(Actions.java:65)
at pageObjectsGPMS.menuBarLinks.goToForEmployee(menuBarLinks.java:18)
at pageObjectsGPMS.employeeSearchPageObjects.isEmployeeExists(employeeSearchPageObjects.java:32)
at gpmsUI.gpmsAutomation.functionValidations.unconfirmEmployeeLevel(functionValidations.java:200)
... Removed 25 stack frames]]>
    </failure>
  </testcase> <!-- unconfirmEmployeeLevel -->
  <testcase name="resetEmployeeLevel" time="0.001" classname="gpmsUI.gpmsAutomation.functionValidations">
    <failure type="java.lang.NullPointerException">
      <![CDATA[java.lang.NullPointerException
at java.util.Objects.requireNonNull(Unknown Source)
at org.openqa.selenium.interactions.Actions.<init>(Actions.java:65)
at pageObjectsGPMS.menuBarLinks.goToForEmployee(menuBarLinks.java:18)
at pageObjectsGPMS.employeeSearchPageObjects.isEmployeeExists(employeeSearchPageObjects.java:32)
at gpmsUI.gpmsAutomation.functionValidations.resetEmployeeLevel(functionValidations.java:230)
... Removed 25 stack frames]]>
    </failure>
  </testcase> <!-- resetEmployeeLevel -->
  <testcase name="lockEmployeeLevel" time="0.004" classname="gpmsUI.gpmsAutomation.functionValidations">
    <failure type="java.lang.NullPointerException">
      <![CDATA[java.lang.NullPointerException
at java.util.Objects.requireNonNull(Unknown Source)
at org.openqa.selenium.interactions.Actions.<init>(Actions.java:65)
at pageObjectsGPMS.menuBarLinks.goToForEmployee(menuBarLinks.java:18)
at pageObjectsGPMS.employeeSearchPageObjects.isEmployeeExists(employeeSearchPageObjects.java:32)
at gpmsUI.gpmsAutomation.functionValidations.lockEmployeeLevel(functionValidations.java:258)
... Removed 25 stack frames]]>
    </failure>
  </testcase> <!-- lockEmployeeLevel -->
  <testcase name="unconfirmPeriodPayrollLevel" time="0.001" classname="gpmsUI.gpmsAutomation.functionValidations">
    <failure type="java.lang.NullPointerException">
      <![CDATA[java.lang.NullPointerException
at java.util.Objects.requireNonNull(Unknown Source)
at org.openqa.selenium.interactions.Actions.<init>(Actions.java:65)
at pageObjectsGPMS.menuBarLinks.goToForPayroll(menuBarLinks.java:29)
at pageObjectsGPMS.payrollSearchPageObjects.isPayrollExists(payrollSearchPageObjects.java:31)
at gpmsUI.gpmsAutomation.functionValidations.unconfirmPeriodPayrollLevel(functionValidations.java:290)
... Removed 25 stack frames]]>
    </failure>
  </testcase> <!-- unconfirmPeriodPayrollLevel -->
  <testcase name="resetPeriodPayrollLevel" time="0.001" classname="gpmsUI.gpmsAutomation.functionValidations">
    <failure type="java.lang.NullPointerException">
      <![CDATA[java.lang.NullPointerException
at java.util.Objects.requireNonNull(Unknown Source)
at org.openqa.selenium.interactions.Actions.<init>(Actions.java:65)
at pageObjectsGPMS.menuBarLinks.goToForPayroll(menuBarLinks.java:29)
at pageObjectsGPMS.payrollSearchPageObjects.isPayrollExists(payrollSearchPageObjects.java:31)
at gpmsUI.gpmsAutomation.functionValidations.resetPeriodPayrollLevel(functionValidations.java:329)
... Removed 25 stack frames]]>
    </failure>
  </testcase> <!-- resetPeriodPayrollLevel -->
  <testcase name="addPaymentsRandom" time="0.001" classname="gpmsUI.gpmsAutomation.addingPayDedsEntitlementsRandom">
    <failure type="java.lang.NullPointerException">
      <![CDATA[java.lang.NullPointerException
at java.util.Objects.requireNonNull(Unknown Source)
at org.openqa.selenium.interactions.Actions.<init>(Actions.java:65)
at pageObjectsGPMS.menuBarLinks.goToForEmployee(menuBarLinks.java:18)
at pageObjectsGPMS.employeeSearchPageObjects.isEmployeeExists(employeeSearchPageObjects.java:32)
at gpmsUI.gpmsAutomation.addingPayDedsEntitlementsRandom.addPaymentsRandom(addingPayDedsEntitlementsRandom.java:26)
... Removed 25 stack frames]]>
    </failure>
  </testcase> <!-- addPaymentsRandom -->
  <testcase name="addDeductionsRandom" time="0.002" classname="gpmsUI.gpmsAutomation.addingPayDedsEntitlementsRandom">
    <failure type="java.lang.NullPointerException">
      <![CDATA[java.lang.NullPointerException
at java.util.Objects.requireNonNull(Unknown Source)
at org.openqa.selenium.interactions.Actions.<init>(Actions.java:65)
at pageObjectsGPMS.menuBarLinks.goToForEmployee(menuBarLinks.java:18)
at pageObjectsGPMS.employeeSearchPageObjects.isEmployeeExists(employeeSearchPageObjects.java:32)
at gpmsUI.gpmsAutomation.addingPayDedsEntitlementsRandom.addDeductionsRandom(addingPayDedsEntitlementsRandom.java:80)
... Removed 25 stack frames]]>
    </failure>
  </testcase> <!-- addDeductionsRandom -->
  <testcase name="addUnitPayRandom" time="0.001" classname="gpmsUI.gpmsAutomation.addingPayDedsEntitlementsRandom">
    <failure type="java.lang.NullPointerException">
      <![CDATA[java.lang.NullPointerException
at java.util.Objects.requireNonNull(Unknown Source)
at org.openqa.selenium.interactions.Actions.<init>(Actions.java:65)
at pageObjectsGPMS.menuBarLinks.goToForEmployee(menuBarLinks.java:18)
at pageObjectsGPMS.employeeSearchPageObjects.isEmployeeExists(employeeSearchPageObjects.java:32)
at gpmsUI.gpmsAutomation.addingPayDedsEntitlementsRandom.addUnitPayRandom(addingPayDedsEntitlementsRandom.java:133)
... Removed 25 stack frames]]>
    </failure>
  </testcase> <!-- addUnitPayRandom -->
  <testcase name="addEntitlementsTempRandom" time="0.001" classname="gpmsUI.gpmsAutomation.addingPayDedsEntitlementsRandom">
    <failure type="java.lang.NullPointerException">
      <![CDATA[java.lang.NullPointerException
at java.util.Objects.requireNonNull(Unknown Source)
at org.openqa.selenium.interactions.Actions.<init>(Actions.java:65)
at pageObjectsGPMS.menuBarLinks.goToForEmployee(menuBarLinks.java:18)
at pageObjectsGPMS.employeeSearchPageObjects.isEmployeeExists(employeeSearchPageObjects.java:32)
at gpmsUI.gpmsAutomation.addingPayDedsEntitlementsRandom.addEntitlementsTempRandom(addingPayDedsEntitlementsRandom.java:185)
... Removed 25 stack frames]]>
    </failure>
  </testcase> <!-- addEntitlementsTempRandom -->
  <testcase name="addEntitlementsPermRandom" time="0.001" classname="gpmsUI.gpmsAutomation.addingPayDedsEntitlementsRandom">
    <failure type="java.lang.NullPointerException">
      <![CDATA[java.lang.NullPointerException
at java.util.Objects.requireNonNull(Unknown Source)
at org.openqa.selenium.interactions.Actions.<init>(Actions.java:65)
at pageObjectsGPMS.menuBarLinks.goToForEmployee(menuBarLinks.java:18)
at pageObjectsGPMS.employeeSearchPageObjects.isEmployeeExists(employeeSearchPageObjects.java:32)
at gpmsUI.gpmsAutomation.addingPayDedsEntitlementsRandom.addEntitlementsPermRandom(addingPayDedsEntitlementsRandom.java:232)
... Removed 25 stack frames]]>
    </failure>
  </testcase> <!-- addEntitlementsPermRandom -->
  <testcase name="addEntitlementsUnitPayRandom" time="0.002" classname="gpmsUI.gpmsAutomation.addingPayDedsEntitlementsRandom">
    <failure type="java.lang.NullPointerException">
      <![CDATA[java.lang.NullPointerException
at java.util.Objects.requireNonNull(Unknown Source)
at org.openqa.selenium.interactions.Actions.<init>(Actions.java:65)
at pageObjectsGPMS.menuBarLinks.goToForEmployee(menuBarLinks.java:18)
at pageObjectsGPMS.employeeSearchPageObjects.isEmployeeExists(employeeSearchPageObjects.java:32)
at gpmsUI.gpmsAutomation.addingPayDedsEntitlementsRandom.addEntitlementsUnitPayRandom(addingPayDedsEntitlementsRandom.java:292)
... Removed 25 stack frames]]>
    </failure>
  </testcase> <!-- addEntitlementsUnitPayRandom -->
  <testcase name="addNotionalAmountsPermRandom" time="0.001" classname="gpmsUI.gpmsAutomation.addingPayDedsEntitlementsRandom">
    <failure type="java.lang.NullPointerException">
      <![CDATA[java.lang.NullPointerException
at java.util.Objects.requireNonNull(Unknown Source)
at org.openqa.selenium.interactions.Actions.<init>(Actions.java:65)
at pageObjectsGPMS.menuBarLinks.goToForEmployee(menuBarLinks.java:18)
at pageObjectsGPMS.employeeSearchPageObjects.isEmployeeExists(employeeSearchPageObjects.java:32)
at gpmsUI.gpmsAutomation.addingPayDedsEntitlementsRandom.addNotionalAmountsPermRandom(addingPayDedsEntitlementsRandom.java:343)
... Removed 25 stack frames]]>
    </failure>
  </testcase> <!-- addNotionalAmountsPermRandom -->
  <testcase name="addNotionalAmountsTempRandom" time="0.004" classname="gpmsUI.gpmsAutomation.addingPayDedsEntitlementsRandom">
    <failure type="java.lang.NullPointerException">
      <![CDATA[java.lang.NullPointerException
at java.util.Objects.requireNonNull(Unknown Source)
at org.openqa.selenium.interactions.Actions.<init>(Actions.java:65)
at pageObjectsGPMS.menuBarLinks.goToForEmployee(menuBarLinks.java:18)
at pageObjectsGPMS.employeeSearchPageObjects.isEmployeeExists(employeeSearchPageObjects.java:32)
at gpmsUI.gpmsAutomation.addingPayDedsEntitlementsRandom.addNotionalAmountsTempRandom(addingPayDedsEntitlementsRandom.java:404)
... Removed 25 stack frames]]>
    </failure>
  </testcase> <!-- addNotionalAmountsTempRandom -->
  <testcase name="addEPARandom" time="0.001" classname="gpmsUI.gpmsAutomation.addingEPADetails">
    <failure type="java.lang.NullPointerException">
      <![CDATA[java.lang.NullPointerException
at java.util.Objects.requireNonNull(Unknown Source)
at org.openqa.selenium.interactions.Actions.<init>(Actions.java:65)
at pageObjectsGPMS.menuBarLinks.goToForEmployee(menuBarLinks.java:18)
at pageObjectsGPMS.employeeSearchPageObjects.isEmployeeExists(employeeSearchPageObjects.java:32)
at gpmsUI.gpmsAutomation.addingEPADetails.addEPARandom(addingEPADetails.java:30)
... Removed 25 stack frames]]>
    </failure>
  </testcase> <!-- addEPARandom -->
  <testcase name="VerifyMenuBarReportsOption" time="0.0" classname="gpmsUI.gpmsAutomation.basicDetails">
    <ignored/>
  </testcase> <!-- VerifyMenuBarReportsOption -->
  <testcase name="VerifyMenuBarReportsOption" time="0.0" classname="gpmsUI.gpmsAutomation.basicDetails">
    <ignored/>
  </testcase> <!-- VerifyMenuBarReportsOption -->
  <testcase name="VerifyMenuBarReportsOption" time="0.0" classname="gpmsUI.gpmsAutomation.basicDetails">
    <ignored/>
  </testcase> <!-- VerifyMenuBarReportsOption -->
  <testcase name="VerifyMenuBarReportsOption" time="0.0" classname="gpmsUI.gpmsAutomation.basicDetails">
    <ignored/>
  </testcase> <!-- VerifyMenuBarReportsOption -->
  <testcase name="VerifyMenuBarReportsOption" time="0.0" classname="gpmsUI.gpmsAutomation.basicDetails">
    <ignored/>
  </testcase> <!-- VerifyMenuBarReportsOption -->
  <testcase name="VerifyMenuBarAdminOption" time="0.0" classname="gpmsUI.gpmsAutomation.basicDetails">
    <ignored/>
  </testcase> <!-- VerifyMenuBarAdminOption -->
  <testcase name="loginTST3" time="0.0" classname="gpmsUI.gpmsAutomation.basicDetails">
    <ignored/>
  </testcase> <!-- loginTST3 -->
  <testcase name="loginTST3" time="0.0" classname="gpmsUI.gpmsAutomation.basicDetails">
    <ignored/>
  </testcase> <!-- loginTST3 -->
  <testcase name="VerifyMenuBarAdminOption" time="0.0" classname="gpmsUI.gpmsAutomation.basicDetails">
    <ignored/>
  </testcase> <!-- VerifyMenuBarAdminOption -->
  <testcase name="loginTST3" time="0.0" classname="gpmsUI.gpmsAutomation.basicDetails">
    <ignored/>
  </testcase> <!-- loginTST3 -->
  <testcase name="VerifyMenuBarAdminOption" time="0.0" classname="gpmsUI.gpmsAutomation.basicDetails">
    <ignored/>
  </testcase> <!-- VerifyMenuBarAdminOption -->
  <testcase name="VerifyMenuBarAdminOption" time="0.0" classname="gpmsUI.gpmsAutomation.basicDetails">
    <ignored/>
  </testcase> <!-- VerifyMenuBarAdminOption -->
  <testcase name="loginTST3" time="0.0" classname="gpmsUI.gpmsAutomation.basicDetails">
    <ignored/>
  </testcase> <!-- loginTST3 -->
  <testcase name="VerifyMenuBarAdminOption" time="0.0" classname="gpmsUI.gpmsAutomation.basicDetails">
    <ignored/>
  </testcase> <!-- VerifyMenuBarAdminOption -->
  <testcase name="loginTST3" time="0.0" classname="gpmsUI.gpmsAutomation.basicDetails">
    <ignored/>
  </testcase> <!-- loginTST3 -->
  <testcase name="downloadEmployeeDataUploadTemplate" time="0.0" classname="gpmsUI.gpmsAutomation.downloadUploadReports">
    <ignored/>
  </testcase> <!-- downloadEmployeeDataUploadTemplate -->
  <testcase name="addEPARequired" time="0.0" classname="gpmsUI.gpmsAutomation.addingEPADetails">
    <ignored/>
  </testcase> <!-- addEPARequired -->
  <testcase name="adddDetailsInEmployeeDataUploadTemplate" time="0.0" classname="gpmsUI.gpmsAutomation.downloadUploadReports">
    <ignored/>
  </testcase> <!-- adddDetailsInEmployeeDataUploadTemplate -->
  <testcase name="addNewOrgUnit" time="0.0" classname="gpmsUI.gpmsAutomation.addingNewDetails">
    <ignored/>
  </testcase> <!-- addNewOrgUnit -->
  <testcase name="addNewElementType" time="0.0" classname="gpmsUI.gpmsAutomation.addingNewDetails">
    <ignored/>
  </testcase> <!-- addNewElementType -->
  <testcase name="homePage" time="0.0" classname="gpmsUI.gpmsAutomation.basicDetails">
    <ignored/>
  </testcase> <!-- homePage -->
  <testcase name="homePage" time="0.0" classname="gpmsUI.gpmsAutomation.basicDetails">
    <ignored/>
  </testcase> <!-- homePage -->
  <testcase name="homePage" time="0.0" classname="gpmsUI.gpmsAutomation.basicDetails">
    <ignored/>
  </testcase> <!-- homePage -->
  <testcase name="homePage" time="0.0" classname="gpmsUI.gpmsAutomation.basicDetails">
    <ignored/>
  </testcase> <!-- homePage -->
  <testcase name="homePage" time="0.0" classname="gpmsUI.gpmsAutomation.basicDetails">
    <ignored/>
  </testcase> <!-- homePage -->
  <testcase name="addNewCompany" time="0.0" classname="gpmsUI.gpmsAutomation.addingNewDetails">
    <ignored/>
  </testcase> <!-- addNewCompany -->
  <testcase name="VerifyMenuBarSearchOption" time="0.0" classname="gpmsUI.gpmsAutomation.basicDetails">
    <ignored/>
  </testcase> <!-- VerifyMenuBarSearchOption -->
  <testcase name="VerifyMenuBarSearchOption" time="0.0" classname="gpmsUI.gpmsAutomation.basicDetails">
    <ignored/>
  </testcase> <!-- VerifyMenuBarSearchOption -->
  <testcase name="VerifyMenuBarSearchOption" time="0.0" classname="gpmsUI.gpmsAutomation.basicDetails">
    <ignored/>
  </testcase> <!-- VerifyMenuBarSearchOption -->
  <testcase name="VerifyMenuBarSearchOption" time="0.0" classname="gpmsUI.gpmsAutomation.basicDetails">
    <ignored/>
  </testcase> <!-- VerifyMenuBarSearchOption -->
  <testcase name="VerifyMenuBarSearchOption" time="0.0" classname="gpmsUI.gpmsAutomation.basicDetails">
    <ignored/>
  </testcase> <!-- VerifyMenuBarSearchOption -->
  <testcase name="VerifyMenuBarSupportOption" time="0.0" classname="gpmsUI.gpmsAutomation.basicDetails">
    <ignored/>
  </testcase> <!-- VerifyMenuBarSupportOption -->
  <testcase name="VerifyMenuBarSupportOption" time="0.0" classname="gpmsUI.gpmsAutomation.basicDetails">
    <ignored/>
  </testcase> <!-- VerifyMenuBarSupportOption -->
  <testcase name="VerifyMenuBarSupportOption" time="0.0" classname="gpmsUI.gpmsAutomation.basicDetails">
    <ignored/>
  </testcase> <!-- VerifyMenuBarSupportOption -->
  <testcase name="VerifyMenuBarSupportOption" time="0.0" classname="gpmsUI.gpmsAutomation.basicDetails">
    <ignored/>
  </testcase> <!-- VerifyMenuBarSupportOption -->
  <testcase name="VerifyMenuBarSupportOption" time="0.0" classname="gpmsUI.gpmsAutomation.basicDetails">
    <ignored/>
  </testcase> <!-- VerifyMenuBarSupportOption -->
</testsuite> <!-- Test -->
