<?xml version="1.0" encoding="UTF-8"?>
<!-- Generated by org.testng.reporters.JUnitXMLReporter -->
<testsuite hostname="DTWD24" ignored="29" name="Test" tests="14" failures="2" timestamp="13 May 2019 07:35:59 GMT" time="102.646" errors="0">
  <testcase name="homePage" time="5.37" classname="gpmsUI.gpmsAutomation.basicDetails"/>
  <testcase name="loginTST3" time="2.134" classname="gpmsUI.gpmsAutomation.basicDetails"/>
  <testcase name="addEmployee" time="4.706" classname="gpmsUI.gpmsAutomation.addingNewDetails"/>
  <testcase name="addPayroll" time="1.804" classname="gpmsUI.gpmsAutomation.addingNewDetails">
    <failure type="java.lang.AssertionError" message="Failed: Adding new payroll, as Payroll Name&amp;apos;Test Payroll Apr10&amp;apos; already exists">
      <![CDATA[java.lang.AssertionError: Failed: Adding new payroll, as Payroll Name'Test Payroll Apr10' already exists
at gpmsUI.gpmsAutomation.addingNewDetails.addPayroll(addingNewDetails.java:165)
... Removed 26 stack frames]]>
    </failure>
  </testcase> <!-- addPayroll -->
  <testcase name="editPayrollPeriods" time="3.526" classname="gpmsUI.gpmsAutomation.addingNewDetails">
    <failure type="java.lang.AssertionError" message="Failed: Payroll periods of given Payroll Year already exits">
      <![CDATA[java.lang.AssertionError: Failed: Payroll periods of given Payroll Year already exits
at pageObjectsGPMS.payrollPageObjects.editPeriods(payrollPageObjects.java:292)
at gpmsUI.gpmsAutomation.addingNewDetails.editPayrollPeriods(addingNewDetails.java:233)
... Removed 26 stack frames]]>
    </failure>
  </testcase> <!-- editPayrollPeriods -->
  <testcase name="createPayrollAssignment" time="7.201" classname="gpmsUI.gpmsAutomation.addingNewDetails"/>
  <testcase name="addPaymentsRandom" time="8.984" classname="gpmsUI.gpmsAutomation.addingPayDedsEntitlementsRandom"/>
  <testcase name="addDeductionsRandom" time="9.281" classname="gpmsUI.gpmsAutomation.addingPayDedsEntitlementsRandom"/>
  <testcase name="addUnitPayRandom" time="10.896" classname="gpmsUI.gpmsAutomation.addingPayDedsEntitlementsRandom"/>
  <testcase name="addEntitlementsTempRandom" time="6.174" classname="gpmsUI.gpmsAutomation.addingPayDedsEntitlementsRandom"/>
  <testcase name="addEntitlementsPermRandom" time="7.948" classname="gpmsUI.gpmsAutomation.addingPayDedsEntitlementsRandom"/>
  <testcase name="addEntitlementsUnitPayRandom" time="7.195" classname="gpmsUI.gpmsAutomation.addingPayDedsEntitlementsRandom"/>
  <testcase name="addNotionalAmountsPermRandom" time="14.022" classname="gpmsUI.gpmsAutomation.addingPayDedsEntitlementsRandom"/>
  <testcase name="addNotionalAmountsTempRandom" time="13.381" classname="gpmsUI.gpmsAutomation.addingPayDedsEntitlementsRandom"/>
  <testcase name="loginTST3" time="0.0" classname="gpmsUI.gpmsAutomation.basicDetails">
    <ignored/>
  </testcase> <!-- loginTST3 -->
  <testcase name="loginTST3" time="0.0" classname="gpmsUI.gpmsAutomation.basicDetails">
    <ignored/>
  </testcase> <!-- loginTST3 -->
  <testcase name="loginTST3" time="0.0" classname="gpmsUI.gpmsAutomation.basicDetails">
    <ignored/>
  </testcase> <!-- loginTST3 -->
  <testcase name="loginTST3" time="0.0" classname="gpmsUI.gpmsAutomation.basicDetails">
    <ignored/>
  </testcase> <!-- loginTST3 -->
  <testcase name="loginTST3" time="0.0" classname="gpmsUI.gpmsAutomation.basicDetails">
    <ignored/>
  </testcase> <!-- loginTST3 -->
  <testcase name="loginTST3" time="0.0" classname="gpmsUI.gpmsAutomation.basicDetails">
    <ignored/>
  </testcase> <!-- loginTST3 -->
  <testcase name="downloadEmployeeDataUploadTemplate" time="0.0" classname="gpmsUI.gpmsAutomation.downloadReports">
    <ignored/>
  </testcase> <!-- downloadEmployeeDataUploadTemplate -->
  <testcase name="addPayDeds" time="0.0" classname="gpmsUI.gpmsAutomation.addingPayDedsEntitlementsUserDefined">
    <ignored/>
  </testcase> <!-- addPayDeds -->
  <testcase name="lockPeriodPayrollLevel" time="0.0" classname="gpmsUI.gpmsAutomation.functionValidations">
    <ignored/>
  </testcase> <!-- lockPeriodPayrollLevel -->
  <testcase name="addEPARequired" time="0.0" classname="gpmsUI.gpmsAutomation.addingEPADetails">
    <ignored/>
  </testcase> <!-- addEPARequired -->
  <testcase name="addEPARandom" time="0.0" classname="gpmsUI.gpmsAutomation.addingEPADetails">
    <ignored/>
  </testcase> <!-- addEPARandom -->
  <testcase name="addNewOrgUnit" time="0.0" classname="gpmsUI.gpmsAutomation.addingNewDetails">
    <ignored/>
  </testcase> <!-- addNewOrgUnit -->
  <testcase name="unconfirmEmployeeLevel" time="0.0" classname="gpmsUI.gpmsAutomation.functionValidations">
    <ignored/>
  </testcase> <!-- unconfirmEmployeeLevel -->
  <testcase name="resetPeriodPayrollLevel" time="0.0" classname="gpmsUI.gpmsAutomation.functionValidations">
    <ignored/>
  </testcase> <!-- resetPeriodPayrollLevel -->
  <testcase name="processPeriodPayrollLevel" time="0.0" classname="gpmsUI.gpmsAutomation.functionValidations">
    <ignored/>
  </testcase> <!-- processPeriodPayrollLevel -->
  <testcase name="confirmPeriodPayrollLevel" time="0.0" classname="gpmsUI.gpmsAutomation.functionValidations">
    <ignored/>
  </testcase> <!-- confirmPeriodPayrollLevel -->
  <testcase name="resetEmployeeLevel" time="0.0" classname="gpmsUI.gpmsAutomation.functionValidations">
    <ignored/>
  </testcase> <!-- resetEmployeeLevel -->
  <testcase name="addNewElementType" time="0.0" classname="gpmsUI.gpmsAutomation.addingNewDetails">
    <ignored/>
  </testcase> <!-- addNewElementType -->
  <testcase name="lockEmployeeLevel" time="0.0" classname="gpmsUI.gpmsAutomation.functionValidations">
    <ignored/>
  </testcase> <!-- lockEmployeeLevel -->
  <testcase name="allPeriodProcessingsFromPayrollLevel" time="0.0" classname="gpmsUI.gpmsAutomation.functionValidations">
    <ignored/>
  </testcase> <!-- allPeriodProcessingsFromPayrollLevel -->
  <testcase name="homePage" time="0.0" classname="gpmsUI.gpmsAutomation.basicDetails">
    <ignored/>
  </testcase> <!-- homePage -->
  <testcase name="homePage" time="0.0" classname="gpmsUI.gpmsAutomation.basicDetails">
    <ignored/>
  </testcase> <!-- homePage -->
  <testcase name="unconfirmPeriodPayrollLevel" time="0.0" classname="gpmsUI.gpmsAutomation.functionValidations">
    <ignored/>
  </testcase> <!-- unconfirmPeriodPayrollLevel -->
  <testcase name="homePage" time="0.0" classname="gpmsUI.gpmsAutomation.basicDetails">
    <ignored/>
  </testcase> <!-- homePage -->
  <testcase name="homePage" time="0.0" classname="gpmsUI.gpmsAutomation.basicDetails">
    <ignored/>
  </testcase> <!-- homePage -->
  <testcase name="homePage" time="0.0" classname="gpmsUI.gpmsAutomation.basicDetails">
    <ignored/>
  </testcase> <!-- homePage -->
  <testcase name="homePage" time="0.0" classname="gpmsUI.gpmsAutomation.basicDetails">
    <ignored/>
  </testcase> <!-- homePage -->
  <testcase name="addNewCompany" time="0.0" classname="gpmsUI.gpmsAutomation.addingNewDetails">
    <ignored/>
  </testcase> <!-- addNewCompany -->
  <testcase name="viewEmployeeFromPayrollLevel" time="0.0" classname="gpmsUI.gpmsAutomation.functionValidations">
    <ignored/>
  </testcase> <!-- viewEmployeeFromPayrollLevel -->
</testsuite> <!-- Test -->
